<?xml version="1.0" encoding="UTF-8"?>
<!-- Generated by org.testng.reporters.JUnitReportReporter -->
<testsuite hostname="Bharani" failures="0" tests="1" name="scripts.Testcase3" time="0.008" errors="0" timestamp="2022-08-27T17:37:17 IST" skipped="0">
  <testcase classname="scripts.Testcase3" name="tc3" time="0.008"/>
  <system-out>
hello appium  </system-out>
</testsuite> <!-- scripts.Testcase3 -->
