<?xml version="1.0" encoding="UTF-8"?>
<!-- Generated by org.testng.reporters.JUnitReportReporter -->
<testsuite hostname="Bharani" failures="0" tests="1" name="scripts.Testcase2" time="0.001" errors="0" timestamp="2022-08-27T17:37:17 IST" skipped="0">
  <testcase classname="scripts.Testcase2" name="tc2" time="0.001"/>
  <system-out>
hello selenium  </system-out>
</testsuite> <!-- scripts.Testcase2 -->
